
> vibe-generated-app@1.0.0 dev
> vite


  VITE v5.4.20  ready in 313 ms

  ➜  Local:   http://localhost:3000/
  ➜  Network: http://172.20.23.236:3000/
4:23:20 AM [vite] Pre-transform error: Transform failed with 1 error:
/home/workspace/src/components/Hero.jsx:9:43: ERROR: Expected "{" but found "\\"
4:23:21 AM [vite] Internal server error: Transform failed with 1 error:
/home/workspace/src/components/Hero.jsx:9:43: ERROR: Expected "{" but found "\\"
  Plugin: vite:esbuild
  File: /home/workspace/src/components/Hero.jsx:9:43
  
  Expected "{" but found "\\"
  7  |        {/* Cover Background: full-bleed, sits underneath content */}
  8  |        <div className="absolute inset-0">
  9  |          <Suspense fallback={<div className=\"w-full h-full bg-gradient-to-b from-black via-black to-emerald-900/20\" />}> 
     |                                             ^
  10 |            <Spline
  11 |              aria-label="Interactive 3D background"
  
      at failureErrorWithLog (/home/workspace/node_modules/esbuild/lib/main.js:1472:15)
      at /home/workspace/node_modules/esbuild/lib/main.js:755:50
      at responseCallbacks.<computed> (/home/workspace/node_modules/esbuild/lib/main.js:622:9)
      at handleIncomingPacket (/home/workspace/node_modules/esbuild/lib/main.js:677:12)
      at Socket.readFromStdout (/home/workspace/node_modules/esbuild/lib/main.js:600:7)
      at Socket.emit (node:events:508:28)
      at addChunk (node:internal/streams/readable:559:12)
      at readableAddChunkPushByteMode (node:internal/streams/readable:510:3)
      at Readable.push (node:internal/streams/readable:390:5)
      at Pipe.onStreamRead (node:internal/stream_base_commons:189:23)
4:23:56 AM [vite] Internal server error: Transform failed with 1 error:
/home/workspace/src/components/Hero.jsx:9:43: ERROR: Expected "{" but found "\\"
  Plugin: vite:esbuild
  File: /home/workspace/src/components/Hero.jsx:9:43
  
  Expected "{" but found "\\"
  7  |        {/* Cover Background: full-bleed, sits underneath content */}
  8  |        <div className="absolute inset-0">
  9  |          <Suspense fallback={<div className=\"w-full h-full bg-gradient-to-b from-black via-black to-emerald-900/20\" />}> 
     |                                             ^
  10 |            <Spline
  11 |              aria-label="Interactive 3D background"
  
      at failureErrorWithLog (/home/workspace/node_modules/esbuild/lib/main.js:1472:15)
      at /home/workspace/node_modules/esbuild/lib/main.js:755:50
      at responseCallbacks.<computed> (/home/workspace/node_modules/esbuild/lib/main.js:622:9)
      at handleIncomingPacket (/home/workspace/node_modules/esbuild/lib/main.js:677:12)
      at Socket.readFromStdout (/home/workspace/node_modules/esbuild/lib/main.js:600:7)
      at Socket.emit (node:events:508:28)
      at addChunk (node:internal/streams/readable:559:12)
      at readableAddChunkPushByteMode (node:internal/streams/readable:510:3)
      at Readable.push (node:internal/streams/readable:390:5)
      at Pipe.onStreamRead (node:internal/stream_base_commons:189:23)
